<?xml version="1.0" encoding="UTF-8"?>
<!-- Generated by org.testng.reporters.JUnitReportReporter -->
<testsuite hostname="DESKTOP-KA8V3G6" failures="0" tests="1" name="Practice.Testngcases" time="0.014" errors="0" timestamp="2024-07-04T11:32:04 IST" skipped="0">
  <testcase classname="Practice.Testngcases" name="testcase1" time="0.014"/>
</testsuite> <!-- Practice.Testngcases -->
