<?xml version="1.0" encoding="UTF-8"?>
<!-- Generated by org.testng.reporters.JUnitReportReporter -->
<testsuite hostname="DESKTOP-KA8V3G6" failures="0" tests="2" name="Practice.BeforeAftertestcases" time="0.015" errors="0" timestamp="2024-07-04T11:35:57 IST" skipped="0">
  <testcase classname="Practice.BeforeAftertestcases" name="atestcase" time="0.012"/>
  <testcase classname="Practice.BeforeAftertestcases" name="testcase" time="0.003"/>
</testsuite> <!-- Practice.BeforeAftertestcases -->
